Using pre-set license
Built from '2020.2/staging' branch; Version is '2020.2.7f1 (c53830e277f1) revision 12924976'; Using compiler version '192528614'; Build Type 'Release'
OS: 'Windows 10 Home Single Language; OS build 19044.1706; Version 2009; 64bit' Language: 'tr' Physical Memory: 8084 MB
BatchMode: 1, IsHumanControllingUs: 0, StartBugReporterOnCrash: 0, Is64bit: 1, IsPro: 0

 COMMAND LINE ARGUMENTS:
C:\Program Files\Unity\Hub\Editor\2020.2.7f1\Editor\Unity.exe
-adb2
-batchMode
-noUpm
-name
AssetImportWorker0
-projectPath
C:/Users/berkan/Documents/GitHub/picker3d XX
-logFile
Logs/AssetImportWorker0.log
-srvPort
64455
Successfully changed project path to: C:/Users/berkan/Documents/GitHub/picker3d XX
C:/Users/berkan/Documents/GitHub/picker3d XX
Using Asset Import Pipeline V2.
Refreshing native plugins compatible for Editor in 53.42 ms, found 0 plugins.
Preloading 0 native plugins for Editor in 0.00 ms.
Initialize engine version: 2020.2.7f1 (c53830e277f1)
[Subsystems] Discovering subsystems at path C:/Program Files/Unity/Hub/Editor/2020.2.7f1/Editor/Data/Resources/UnitySubsystems
[Subsystems] Discovering subsystems at path C:/Users/berkan/Documents/GitHub/picker3d XX/Assets
GfxDevice: creating device client; threaded=0
Direct3D:
    Version:  Direct3D 11.0 [level 11.0]
    Renderer: NVIDIA GeForce GT 630M (ID=0x1140)
    Vendor:   
    VRAM:     2000 MB
    Driver:   23.21.13.8912
Initialize mono
Mono path[0] = 'C:/Program Files/Unity/Hub/Editor/2020.2.7f1/Editor/Data/Managed'
Mono path[1] = 'C:/Program Files/Unity/Hub/Editor/2020.2.7f1/Editor/Data/MonoBleedingEdge/lib/mono/unityjit'
Mono config path = 'C:/Program Files/Unity/Hub/Editor/2020.2.7f1/Editor/Data/MonoBleedingEdge/etc'
Using monoOptions --debugger-agent=transport=dt_socket,embedding=1,server=y,suspend=n,address=127.0.0.1:56480
Begin MonoManager ReloadAssembly
Registering precompiled unity dll's ...
Register platform support module: C:/Program Files/Unity/Hub/Editor/2020.2.7f1/Editor/Data/PlaybackEngines/WindowsStandaloneSupport/UnityEditor.WindowsStandalone.Extensions.dll
Registered in 0.003714 seconds.
Native extension for WindowsStandalone target not found
Refreshing native plugins compatible for Editor in 55.45 ms, found 0 plugins.
Preloading 0 native plugins for Editor in 0.00 ms.
Invoked RoslynAnalysisRunner static constructor.
RoslynAnalysisRunner will not be running.
RoslynAnalysisRunner has terminated.
Mono: successfully reloaded assembly
- Completed reload, in  4.642 seconds
Platform modules already initialized, skipping
Registering precompiled user dll's ...
Registered in 0.003061 seconds.
Begin MonoManager ReloadAssembly
Native extension for WindowsStandalone target not found
Refreshing native plugins compatible for Editor in 0.37 ms, found 0 plugins.
Preloading 0 native plugins for Editor in 0.00 ms.
Invoked RoslynAnalysisRunner static constructor.
RoslynAnalysisRunner will not be running.
RoslynAnalysisRunner has terminated.
Mono: successfully reloaded assembly
- Completed reload, in  1.604 seconds
Platform modules already initialized, skipping
========================================================================
Worker process is ready to serve import requests
Launched and connected shader compiler UnityShaderCompiler.exe after 0.08 seconds
Refreshing native plugins compatible for Editor in 0.38 ms, found 0 plugins.
Preloading 0 native plugins for Editor in 0.00 ms.
Unloading 1303 Unused Serialized files (Serialized files now loaded: 0)
System memory in use before: 64.5 MB.
System memory in use after: 64.5 MB.

Unloading 13 unused Assets to reduce memory usage. Loaded Objects now: 1749.
Total: 3.668200 ms (FindLiveObjects: 0.481600 ms CreateObjectMapping: 0.354700 ms MarkObjects: 2.674100 ms  DeleteObjects: 0.154500 ms)

========================================================================
Received Import Request.
  path: Assets/Scripts/ObserverSingleton/MovementPanel.cs
  artifactKey: Guid(624c101198601c347b15dbe1a9c7d2a9) Importer(815301076,1909f56bfc062723c751e8b465ee728b)
Start importing Assets/Scripts/ObserverSingleton/MovementPanel.cs using Guid(624c101198601c347b15dbe1a9c7d2a9) Importer(815301076,1909f56bfc062723c751e8b465ee728b)  -> (artifact id: '7d90c718c1991e52c6614c2083c46ba5') in 0.045136 seconds
  Import took 0.049419 seconds .

========================================================================
Received Prepare
Registering precompiled user dll's ...
Registered in 0.003198 seconds.
Begin MonoManager ReloadAssembly
Native extension for WindowsStandalone target not found
Refreshing native plugins compatible for Editor in 0.38 ms, found 0 plugins.
Preloading 0 native plugins for Editor in 0.00 ms.
Invoked RoslynAnalysisRunner static constructor.
RoslynAnalysisRunner will not be running.
RoslynAnalysisRunner has terminated.
Mono: successfully reloaded assembly
- Completed reload, in  1.628 seconds
Platform modules already initialized, skipping
Refreshing native plugins compatible for Editor in 0.37 ms, found 0 plugins.
Preloading 0 native plugins for Editor in 0.00 ms.
Unloading 1285 Unused Serialized files (Serialized files now loaded: 0)
System memory in use before: 63.5 MB.
System memory in use after: 63.6 MB.

Unloading 8 unused Assets to reduce memory usage. Loaded Objects now: 1753.
Total: 2.473000 ms (FindLiveObjects: 0.211600 ms CreateObjectMapping: 0.075600 ms MarkObjects: 2.096500 ms  DeleteObjects: 0.087200 ms)

========================================================================
Received Prepare
Registering precompiled user dll's ...
Registered in 0.003864 seconds.
Begin MonoManager ReloadAssembly
Native extension for WindowsStandalone target not found
Refreshing native plugins compatible for Editor in 0.39 ms, found 0 plugins.
Preloading 0 native plugins for Editor in 0.00 ms.
Invoked RoslynAnalysisRunner static constructor.
RoslynAnalysisRunner will not be running.
RoslynAnalysisRunner has terminated.
Mono: successfully reloaded assembly
- Completed reload, in  1.791 seconds
Platform modules already initialized, skipping
Refreshing native plugins compatible for Editor in 0.57 ms, found 0 plugins.
Preloading 0 native plugins for Editor in 0.00 ms.
Unloading 1284 Unused Serialized files (Serialized files now loaded: 0)
System memory in use before: 63.5 MB.
System memory in use after: 63.5 MB.

Unloading 8 unused Assets to reduce memory usage. Loaded Objects now: 1756.
Total: 2.671600 ms (FindLiveObjects: 0.190900 ms CreateObjectMapping: 0.075900 ms MarkObjects: 2.312900 ms  DeleteObjects: 0.089300 ms)

========================================================================
Received Prepare
Registering precompiled user dll's ...
Registered in 0.003706 seconds.
Begin MonoManager ReloadAssembly
Native extension for WindowsStandalone target not found
Refreshing native plugins compatible for Editor in 0.39 ms, found 0 plugins.
Preloading 0 native plugins for Editor in 0.00 ms.
Invoked RoslynAnalysisRunner static constructor.
RoslynAnalysisRunner will not be running.
RoslynAnalysisRunner has terminated.
Mono: successfully reloaded assembly
- Completed reload, in  1.733 seconds
Platform modules already initialized, skipping
Refreshing native plugins compatible for Editor in 0.37 ms, found 0 plugins.
Preloading 0 native plugins for Editor in 0.00 ms.
Unloading 1284 Unused Serialized files (Serialized files now loaded: 0)
System memory in use before: 63.5 MB.
System memory in use after: 63.5 MB.

Unloading 8 unused Assets to reduce memory usage. Loaded Objects now: 1759.
Total: 3.984900 ms (FindLiveObjects: 0.515400 ms CreateObjectMapping: 0.222300 ms MarkObjects: 3.151200 ms  DeleteObjects: 0.092600 ms)

========================================================================
Received Prepare
Registering precompiled user dll's ...
Registered in 0.004241 seconds.
Begin MonoManager ReloadAssembly
Native extension for WindowsStandalone target not found
Refreshing native plugins compatible for Editor in 0.40 ms, found 0 plugins.
Preloading 0 native plugins for Editor in 0.00 ms.
Invoked RoslynAnalysisRunner static constructor.
RoslynAnalysisRunner will not be running.
RoslynAnalysisRunner has terminated.
Mono: successfully reloaded assembly
- Completed reload, in  1.791 seconds
Platform modules already initialized, skipping
Refreshing native plugins compatible for Editor in 0.40 ms, found 0 plugins.
Preloading 0 native plugins for Editor in 0.00 ms.
Unloading 1284 Unused Serialized files (Serialized files now loaded: 0)
System memory in use before: 63.5 MB.
System memory in use after: 63.6 MB.

Unloading 8 unused Assets to reduce memory usage. Loaded Objects now: 1762.
Total: 2.779900 ms (FindLiveObjects: 0.310300 ms CreateObjectMapping: 0.090300 ms MarkObjects: 2.287600 ms  DeleteObjects: 0.089000 ms)

========================================================================
Received Prepare
Registering precompiled user dll's ...
Registered in 0.002788 seconds.
Begin MonoManager ReloadAssembly
Native extension for WindowsStandalone target not found
Refreshing native plugins compatible for Editor in 0.42 ms, found 0 plugins.
Preloading 0 native plugins for Editor in 0.00 ms.
Invoked RoslynAnalysisRunner static constructor.
RoslynAnalysisRunner will not be running.
RoslynAnalysisRunner has terminated.
Mono: successfully reloaded assembly
- Completed reload, in  1.711 seconds
Platform modules already initialized, skipping
Refreshing native plugins compatible for Editor in 0.39 ms, found 0 plugins.
Preloading 0 native plugins for Editor in 0.00 ms.
Unloading 1284 Unused Serialized files (Serialized files now loaded: 0)
System memory in use before: 63.5 MB.
System memory in use after: 63.6 MB.

Unloading 8 unused Assets to reduce memory usage. Loaded Objects now: 1765.
Total: 3.055000 ms (FindLiveObjects: 0.232800 ms CreateObjectMapping: 0.080700 ms MarkObjects: 2.645700 ms  DeleteObjects: 0.093300 ms)

========================================================================
Received Prepare
Registering precompiled user dll's ...
Registered in 0.004259 seconds.
Begin MonoManager ReloadAssembly
Native extension for WindowsStandalone target not found
Refreshing native plugins compatible for Editor in 0.43 ms, found 0 plugins.
Preloading 0 native plugins for Editor in 0.00 ms.
Invoked RoslynAnalysisRunner static constructor.
RoslynAnalysisRunner will not be running.
RoslynAnalysisRunner has terminated.
Mono: successfully reloaded assembly
- Completed reload, in  1.721 seconds
Platform modules already initialized, skipping
Refreshing native plugins compatible for Editor in 0.45 ms, found 0 plugins.
Preloading 0 native plugins for Editor in 0.00 ms.
Unloading 1284 Unused Serialized files (Serialized files now loaded: 0)
System memory in use before: 63.5 MB.
System memory in use after: 63.6 MB.

Unloading 8 unused Assets to reduce memory usage. Loaded Objects now: 1768.
Total: 3.091700 ms (FindLiveObjects: 0.246300 ms CreateObjectMapping: 0.085700 ms MarkObjects: 2.609500 ms  DeleteObjects: 0.146800 ms)

========================================================================
Received Prepare
Registering precompiled user dll's ...
Registered in 0.003061 seconds.
Begin MonoManager ReloadAssembly
Native extension for WindowsStandalone target not found
Refreshing native plugins compatible for Editor in 0.38 ms, found 0 plugins.
Preloading 0 native plugins for Editor in 0.00 ms.
Invoked RoslynAnalysisRunner static constructor.
RoslynAnalysisRunner will not be running.
RoslynAnalysisRunner has terminated.
Mono: successfully reloaded assembly
- Completed reload, in  1.733 seconds
Platform modules already initialized, skipping
Refreshing native plugins compatible for Editor in 0.46 ms, found 0 plugins.
Preloading 0 native plugins for Editor in 0.00 ms.
Unloading 1284 Unused Serialized files (Serialized files now loaded: 0)
System memory in use before: 63.5 MB.
System memory in use after: 63.6 MB.

Unloading 8 unused Assets to reduce memory usage. Loaded Objects now: 1771.
Total: 4.395700 ms (FindLiveObjects: 0.441300 ms CreateObjectMapping: 0.166800 ms MarkObjects: 3.653500 ms  DeleteObjects: 0.130200 ms)

========================================================================
Received Import Request.
  Time since last request: 4936.740313 seconds.
  path: Assets/Prefabs/Picker 1.prefab
  artifactKey: Guid(8d45b5f93bb2c6840b762b5f785031ee) Importer(815301076,1909f56bfc062723c751e8b465ee728b)
Start importing Assets/Prefabs/Picker 1.prefab using Guid(8d45b5f93bb2c6840b762b5f785031ee) Importer(815301076,1909f56bfc062723c751e8b465ee728b)  -> (artifact id: 'a4805feac18236a495d73d34765efb4b') in 0.195281 seconds
  Import took 0.200670 seconds .

========================================================================
Received Prepare
Registering precompiled user dll's ...
Registered in 0.002800 seconds.
Begin MonoManager ReloadAssembly
Native extension for WindowsStandalone target not found
Refreshing native plugins compatible for Editor in 0.37 ms, found 0 plugins.
Preloading 0 native plugins for Editor in 0.00 ms.
Invoked RoslynAnalysisRunner static constructor.
RoslynAnalysisRunner will not be running.
RoslynAnalysisRunner has terminated.
Mono: successfully reloaded assembly
- Completed reload, in  1.525 seconds
Platform modules already initialized, skipping
Refreshing native plugins compatible for Editor in 0.38 ms, found 0 plugins.
Preloading 0 native plugins for Editor in 0.00 ms.
Unloading 1284 Unused Serialized files (Serialized files now loaded: 0)
System memory in use before: 66.7 MB.
System memory in use after: 66.8 MB.

Unloading 8 unused Assets to reduce memory usage. Loaded Objects now: 1783.
Total: 2.590400 ms (FindLiveObjects: 0.320600 ms CreateObjectMapping: 0.086300 ms MarkObjects: 2.086000 ms  DeleteObjects: 0.095600 ms)

========================================================================
Received Import Request.
  Time since last request: 76.265758 seconds.
  path: Assets/Scenes/Scene3.unity
  artifactKey: Guid(5bfa2448401414e45a2e42eb960fa8ce) Importer(815301076,1909f56bfc062723c751e8b465ee728b)
Start importing Assets/Scenes/Scene3.unity using Guid(5bfa2448401414e45a2e42eb960fa8ce) Importer(815301076,1909f56bfc062723c751e8b465ee728b)  -> (artifact id: 'b4e23aa09d16ad05ebd5347aa62dbe9d') in 0.042447 seconds
  Import took 0.049535 seconds .

========================================================================
Received Import Request.
  Time since last request: 7.324167 seconds.
  path: Assets/Scenes/Scene3 2.unity
  artifactKey: Guid(229514e07467410469efa43b74620936) Importer(815301076,1909f56bfc062723c751e8b465ee728b)
Start importing Assets/Scenes/Scene3 2.unity using Guid(229514e07467410469efa43b74620936) Importer(815301076,1909f56bfc062723c751e8b465ee728b)  -> (artifact id: '7ba7004d5f844224d68d68eda34f9f69') in 0.022795 seconds
  Import took 0.029324 seconds .

========================================================================
Received Import Request.
  Time since last request: 35.348884 seconds.
  path: Assets/Scenes/Scene3 1.unity
  artifactKey: Guid(df367e6cbad69dc45962b7cf49f7393d) Importer(815301076,1909f56bfc062723c751e8b465ee728b)
Start importing Assets/Scenes/Scene3 1.unity using Guid(df367e6cbad69dc45962b7cf49f7393d) Importer(815301076,1909f56bfc062723c751e8b465ee728b)  -> (artifact id: 'e130fb38a2f58bd83e044b30ba4854be') in 0.022356 seconds
  Import took 0.027023 seconds .

========================================================================
Received Import Request.
  Time since last request: 22.927959 seconds.
  path: Assets/Scenes/Scene3 2.unity
  artifactKey: Guid(229514e07467410469efa43b74620936) Importer(815301076,1909f56bfc062723c751e8b465ee728b)
Start importing Assets/Scenes/Scene3 2.unity using Guid(229514e07467410469efa43b74620936) Importer(815301076,1909f56bfc062723c751e8b465ee728b)  -> (artifact id: '8d7290a335ca00e7a738fd4e9d727822') in 0.012544 seconds
  Import took 0.022208 seconds .

========================================================================
Received Prepare
Registering precompiled user dll's ...
Registered in 0.003050 seconds.
Begin MonoManager ReloadAssembly
Native extension for WindowsStandalone target not found
Refreshing native plugins compatible for Editor in 0.37 ms, found 0 plugins.
Preloading 0 native plugins for Editor in 0.00 ms.
Invoked RoslynAnalysisRunner static constructor.
RoslynAnalysisRunner will not be running.
RoslynAnalysisRunner has terminated.
Mono: successfully reloaded assembly
- Completed reload, in  1.830 seconds
Platform modules already initialized, skipping
Refreshing native plugins compatible for Editor in 0.39 ms, found 0 plugins.
Preloading 0 native plugins for Editor in 0.00 ms.
Unloading 1284 Unused Serialized files (Serialized files now loaded: 0)
System memory in use before: 66.7 MB.
System memory in use after: 66.8 MB.

Unloading 8 unused Assets to reduce memory usage. Loaded Objects now: 1786.
Total: 2.944500 ms (FindLiveObjects: 0.277800 ms CreateObjectMapping: 0.082300 ms MarkObjects: 2.477400 ms  DeleteObjects: 0.104600 ms)

========================================================================
Received Import Request.
  Time since last request: 189.867906 seconds.
  path: Assets/Scripts/GameManagerS
  artifactKey: Guid(aad945bf694e4e744be0c2c9dc325a5b) Importer(815301076,1909f56bfc062723c751e8b465ee728b)
Start importing Assets/Scripts/GameManagerS using Guid(aad945bf694e4e744be0c2c9dc325a5b) Importer(815301076,1909f56bfc062723c751e8b465ee728b)  -> (artifact id: '63093307c2d97c8ea76d6b1a63e4095a') in 0.026038 seconds
  Import took 0.029814 seconds .

========================================================================
Received Import Request.
  Time since last request: 1.266533 seconds.
  path: Assets/Scripts/GameManagerS/GameManagerSc.cs
  artifactKey: Guid(0c1c60894c6f8424e9353d6f7544b898) Importer(815301076,1909f56bfc062723c751e8b465ee728b)
Start importing Assets/Scripts/GameManagerS/GameManagerSc.cs using Guid(0c1c60894c6f8424e9353d6f7544b898) Importer(815301076,1909f56bfc062723c751e8b465ee728b)  -> (artifact id: '0af728beb6166721af492553f709d061') in 0.018655 seconds
  Import took 0.023466 seconds .

========================================================================
Received Import Request.
  Time since last request: 0.012819 seconds.
  path: Assets/Scripts/GameManagerS/GameManagerSc.cs
  artifactKey: Guid(0c1c60894c6f8424e9353d6f7544b898) Importer(815301076,1909f56bfc062723c751e8b465ee728b)
Start importing Assets/Scripts/GameManagerS/GameManagerSc.cs using Guid(0c1c60894c6f8424e9353d6f7544b898) Importer(815301076,1909f56bfc062723c751e8b465ee728b)  -> (artifact id: '0af728beb6166721af492553f709d061') in 0.011176 seconds
  Import took 0.016141 seconds .

========================================================================
Received Prepare
Registering precompiled user dll's ...
Registered in 0.002808 seconds.
Begin MonoManager ReloadAssembly
Native extension for WindowsStandalone target not found
Refreshing native plugins compatible for Editor in 0.57 ms, found 0 plugins.
Preloading 0 native plugins for Editor in 0.00 ms.
Invoked RoslynAnalysisRunner static constructor.
RoslynAnalysisRunner will not be running.
RoslynAnalysisRunner has terminated.
Mono: successfully reloaded assembly
- Completed reload, in  1.711 seconds
Platform modules already initialized, skipping
Refreshing native plugins compatible for Editor in 0.46 ms, found 0 plugins.
Preloading 0 native plugins for Editor in 0.00 ms.
Unloading 1284 Unused Serialized files (Serialized files now loaded: 0)
System memory in use before: 66.7 MB.
System memory in use after: 66.8 MB.

Unloading 8 unused Assets to reduce memory usage. Loaded Objects now: 1789.
Total: 3.690600 ms (FindLiveObjects: 0.491800 ms CreateObjectMapping: 0.162600 ms MarkObjects: 2.932900 ms  DeleteObjects: 0.100600 ms)

========================================================================
Received Import Request.
  Time since last request: 100.955527 seconds.
  path: Assets/Scripts/GameManagerS/GameManagerSc.cs
  artifactKey: Guid(0c1c60894c6f8424e9353d6f7544b898) Importer(815301076,1909f56bfc062723c751e8b465ee728b)
Start importing Assets/Scripts/GameManagerS/GameManagerSc.cs using Guid(0c1c60894c6f8424e9353d6f7544b898) Importer(815301076,1909f56bfc062723c751e8b465ee728b)  -> (artifact id: 'ebaf810e0cd195daa153c87b199c20ea') in 0.013869 seconds
  Import took 0.018055 seconds .

========================================================================
Received Import Request.
  Time since last request: 2.140004 seconds.
  path: Assets/Scripts/Player
  artifactKey: Guid(487f702c8dc2128449bf23823fd04167) Importer(815301076,1909f56bfc062723c751e8b465ee728b)
Start importing Assets/Scripts/Player using Guid(487f702c8dc2128449bf23823fd04167) Importer(815301076,1909f56bfc062723c751e8b465ee728b)  -> (artifact id: '67d765e0c0d1a10a5f5ea4dc012759e9') in 0.019947 seconds
  Import took 0.025550 seconds .

========================================================================
Received Import Request.
  Time since last request: 1.388001 seconds.
  path: Assets/Scripts/Player/PickerController.cs
  artifactKey: Guid(33d4908b52db47247956b9c95e8ba6b3) Importer(815301076,1909f56bfc062723c751e8b465ee728b)
Start importing Assets/Scripts/Player/PickerController.cs using Guid(33d4908b52db47247956b9c95e8ba6b3) Importer(815301076,1909f56bfc062723c751e8b465ee728b)  -> (artifact id: '2f88e68939efb7613f17e41037f9a4f3') in 0.018823 seconds
  Import took 0.025031 seconds .

========================================================================
Received Prepare
Registering precompiled user dll's ...
Registered in 0.002847 seconds.
Begin MonoManager ReloadAssembly
Native extension for WindowsStandalone target not found
Refreshing native plugins compatible for Editor in 0.37 ms, found 0 plugins.
Preloading 0 native plugins for Editor in 0.00 ms.
Invoked RoslynAnalysisRunner static constructor.
RoslynAnalysisRunner will not be running.
RoslynAnalysisRunner has terminated.
Mono: successfully reloaded assembly
- Completed reload, in  1.672 seconds
Platform modules already initialized, skipping
Refreshing native plugins compatible for Editor in 0.43 ms, found 0 plugins.
Preloading 0 native plugins for Editor in 0.00 ms.
Unloading 1284 Unused Serialized files (Serialized files now loaded: 0)
System memory in use before: 66.7 MB.
System memory in use after: 66.8 MB.

Unloading 8 unused Assets to reduce memory usage. Loaded Objects now: 1792.
Total: 2.996200 ms (FindLiveObjects: 0.219800 ms CreateObjectMapping: 0.108800 ms MarkObjects: 2.567200 ms  DeleteObjects: 0.098000 ms)

========================================================================
Received Import Request.
  Time since last request: 131.086213 seconds.
  path: Assets/Scripts/Player/PickerController.cs
  artifactKey: Guid(33d4908b52db47247956b9c95e8ba6b3) Importer(815301076,1909f56bfc062723c751e8b465ee728b)
Start importing Assets/Scripts/Player/PickerController.cs using Guid(33d4908b52db47247956b9c95e8ba6b3) Importer(815301076,1909f56bfc062723c751e8b465ee728b)  -> (artifact id: '537ad72575041c84ff8f792c7785853b') in 0.013485 seconds
  Import took 0.017607 seconds .

========================================================================
Received Prepare
Registering precompiled user dll's ...
Registered in 0.002819 seconds.
Begin MonoManager ReloadAssembly
Native extension for WindowsStandalone target not found
Refreshing native plugins compatible for Editor in 0.38 ms, found 0 plugins.
Preloading 0 native plugins for Editor in 0.00 ms.
Invoked RoslynAnalysisRunner static constructor.
RoslynAnalysisRunner will not be running.
RoslynAnalysisRunner has terminated.
Mono: successfully reloaded assembly
- Completed reload, in  1.569 seconds
Platform modules already initialized, skipping
Refreshing native plugins compatible for Editor in 0.39 ms, found 0 plugins.
Preloading 0 native plugins for Editor in 0.00 ms.
Unloading 1284 Unused Serialized files (Serialized files now loaded: 0)
System memory in use before: 66.7 MB.
System memory in use after: 66.8 MB.

Unloading 8 unused Assets to reduce memory usage. Loaded Objects now: 1795.
Total: 2.664700 ms (FindLiveObjects: 0.197700 ms CreateObjectMapping: 0.074800 ms MarkObjects: 2.298800 ms  DeleteObjects: 0.090900 ms)

========================================================================
Received Prepare
Registering precompiled user dll's ...
Registered in 0.003717 seconds.
Begin MonoManager ReloadAssembly
Native extension for WindowsStandalone target not found
Refreshing native plugins compatible for Editor in 0.42 ms, found 0 plugins.
Preloading 0 native plugins for Editor in 0.00 ms.
Invoked RoslynAnalysisRunner static constructor.
RoslynAnalysisRunner will not be running.
RoslynAnalysisRunner has terminated.
Mono: successfully reloaded assembly
- Completed reload, in  1.880 seconds
Platform modules already initialized, skipping
Refreshing native plugins compatible for Editor in 0.40 ms, found 0 plugins.
Preloading 0 native plugins for Editor in 0.00 ms.
Unloading 1284 Unused Serialized files (Serialized files now loaded: 0)
System memory in use before: 66.8 MB.
System memory in use after: 66.8 MB.

Unloading 8 unused Assets to reduce memory usage. Loaded Objects now: 1798.
Total: 2.691000 ms (FindLiveObjects: 0.218400 ms CreateObjectMapping: 0.077700 ms MarkObjects: 2.287000 ms  DeleteObjects: 0.105200 ms)

========================================================================
Received Import Request.
  Time since last request: 194.437476 seconds.
  path: Assets/Scripts/ObserverSingleton/Observer.cs
  artifactKey: Guid(9a16eaca7b15d57498343dcd5cd89ab7) Importer(815301076,1909f56bfc062723c751e8b465ee728b)
Start importing Assets/Scripts/ObserverSingleton/Observer.cs using Guid(9a16eaca7b15d57498343dcd5cd89ab7) Importer(815301076,1909f56bfc062723c751e8b465ee728b)  -> (artifact id: '187758d6189394de9bd1e442bb1b3fcc') in 0.021661 seconds
  Import took 0.029983 seconds .

========================================================================
Received Import Request.
  Time since last request: 0.001453 seconds.
  path: Assets/Scripts/ObserverSingleton/Observer.cs
  artifactKey: Guid(9a16eaca7b15d57498343dcd5cd89ab7) Importer(815301076,1909f56bfc062723c751e8b465ee728b)
Start importing Assets/Scripts/ObserverSingleton/Observer.cs using Guid(9a16eaca7b15d57498343dcd5cd89ab7) Importer(815301076,1909f56bfc062723c751e8b465ee728b)  -> (artifact id: '187758d6189394de9bd1e442bb1b3fcc') in 0.010146 seconds
  Import took 0.014828 seconds .

========================================================================
Received Import Request.
  Time since last request: 4.702702 seconds.
  path: Assets/Scripts/ObserverSingleton/ObserverManager.cs
  artifactKey: Guid(a072ece3e1e4c82469b884bfa0ae2cdc) Importer(815301076,1909f56bfc062723c751e8b465ee728b)
Start importing Assets/Scripts/ObserverSingleton/ObserverManager.cs using Guid(a072ece3e1e4c82469b884bfa0ae2cdc) Importer(815301076,1909f56bfc062723c751e8b465ee728b)  -> (artifact id: 'b89663630ecfed0002f243821eb853f5') in 0.021458 seconds
  Import took 0.026637 seconds .

========================================================================
Received Import Request.
  Time since last request: 0.000730 seconds.
  path: Assets/Scripts/ObserverSingleton/ObserverManager.cs
  artifactKey: Guid(a072ece3e1e4c82469b884bfa0ae2cdc) Importer(815301076,1909f56bfc062723c751e8b465ee728b)
Start importing Assets/Scripts/ObserverSingleton/ObserverManager.cs using Guid(a072ece3e1e4c82469b884bfa0ae2cdc) Importer(815301076,1909f56bfc062723c751e8b465ee728b)  -> (artifact id: 'b89663630ecfed0002f243821eb853f5') in 0.010024 seconds
  Import took 0.015206 seconds .

========================================================================
Received Import Request.
  Time since last request: 2.557863 seconds.
  path: Assets/Scripts/ObserverSingleton/MovementPanel.cs
  artifactKey: Guid(624c101198601c347b15dbe1a9c7d2a9) Importer(815301076,1909f56bfc062723c751e8b465ee728b)
Start importing Assets/Scripts/ObserverSingleton/MovementPanel.cs using Guid(624c101198601c347b15dbe1a9c7d2a9) Importer(815301076,1909f56bfc062723c751e8b465ee728b)  -> (artifact id: 'ff92e8d3f729843dce5d53ffd0abd8d7') in 0.007758 seconds
  Import took 0.011944 seconds .

========================================================================
Received Import Request.
  Time since last request: 0.712732 seconds.
  path: Assets/Scripts/ObserverSingleton/ObserverSystem.cs
  artifactKey: Guid(93e8d4650efafc4478e8896939e95dd8) Importer(815301076,1909f56bfc062723c751e8b465ee728b)
Start importing Assets/Scripts/ObserverSingleton/ObserverSystem.cs using Guid(93e8d4650efafc4478e8896939e95dd8) Importer(815301076,1909f56bfc062723c751e8b465ee728b)  -> (artifact id: '1dd31406683e18d783beb8bce5ee2c2d') in 0.020459 seconds
  Import took 0.030062 seconds .

========================================================================
Received Import Request.
  Time since last request: 0.001822 seconds.
  path: Assets/Scripts/ObserverSingleton/ObserverSystem.cs
  artifactKey: Guid(93e8d4650efafc4478e8896939e95dd8) Importer(815301076,1909f56bfc062723c751e8b465ee728b)
Start importing Assets/Scripts/ObserverSingleton/ObserverSystem.cs using Guid(93e8d4650efafc4478e8896939e95dd8) Importer(815301076,1909f56bfc062723c751e8b465ee728b)  -> (artifact id: '1dd31406683e18d783beb8bce5ee2c2d') in 0.007821 seconds
  Import took 0.012801 seconds .

========================================================================
Received Prepare
Registering precompiled user dll's ...
Registered in 0.002841 seconds.
Begin MonoManager ReloadAssembly
Native extension for WindowsStandalone target not found
Refreshing native plugins compatible for Editor in 0.45 ms, found 0 plugins.
Preloading 0 native plugins for Editor in 0.00 ms.
Invoked RoslynAnalysisRunner static constructor.
RoslynAnalysisRunner will not be running.
RoslynAnalysisRunner has terminated.
Mono: successfully reloaded assembly
- Completed reload, in  1.920 seconds
Platform modules already initialized, skipping
Refreshing native plugins compatible for Editor in 0.40 ms, found 0 plugins.
Preloading 0 native plugins for Editor in 0.00 ms.
Unloading 1284 Unused Serialized files (Serialized files now loaded: 0)
System memory in use before: 66.8 MB.
System memory in use after: 66.8 MB.

Unloading 8 unused Assets to reduce memory usage. Loaded Objects now: 1801.
Total: 2.861800 ms (FindLiveObjects: 0.321600 ms CreateObjectMapping: 0.082800 ms MarkObjects: 2.359600 ms  DeleteObjects: 0.095200 ms)

========================================================================
Received Prepare
Registering precompiled user dll's ...
Registered in 0.002794 seconds.
Begin MonoManager ReloadAssembly
Native extension for WindowsStandalone target not found
Refreshing native plugins compatible for Editor in 0.37 ms, found 0 plugins.
Preloading 0 native plugins for Editor in 0.00 ms.
Invoked RoslynAnalysisRunner static constructor.
RoslynAnalysisRunner will not be running.
RoslynAnalysisRunner has terminated.
Mono: successfully reloaded assembly
- Completed reload, in  1.530 seconds
Platform modules already initialized, skipping
Refreshing native plugins compatible for Editor in 0.37 ms, found 0 plugins.
Preloading 0 native plugins for Editor in 0.00 ms.
Unloading 1284 Unused Serialized files (Serialized files now loaded: 0)
System memory in use before: 66.8 MB.
System memory in use after: 66.8 MB.

Unloading 8 unused Assets to reduce memory usage. Loaded Objects now: 1804.
Total: 3.179400 ms (FindLiveObjects: 0.553600 ms CreateObjectMapping: 0.077900 ms MarkObjects: 2.452900 ms  DeleteObjects: 0.092100 ms)

========================================================================
Received Prepare
Registering precompiled user dll's ...
Registered in 0.003309 seconds.
Begin MonoManager ReloadAssembly
Native extension for WindowsStandalone target not found
Refreshing native plugins compatible for Editor in 0.70 ms, found 0 plugins.
Preloading 0 native plugins for Editor in 0.00 ms.
Invoked RoslynAnalysisRunner static constructor.
RoslynAnalysisRunner will not be running.
RoslynAnalysisRunner has terminated.
Mono: successfully reloaded assembly
- Completed reload, in  1.844 seconds
Platform modules already initialized, skipping
Refreshing native plugins compatible for Editor in 0.40 ms, found 0 plugins.
Preloading 0 native plugins for Editor in 0.00 ms.
Unloading 1284 Unused Serialized files (Serialized files now loaded: 0)
System memory in use before: 66.8 MB.
System memory in use after: 66.8 MB.

Unloading 8 unused Assets to reduce memory usage. Loaded Objects now: 1807.
Total: 3.690700 ms (FindLiveObjects: 0.832100 ms CreateObjectMapping: 0.124600 ms MarkObjects: 2.644700 ms  DeleteObjects: 0.087000 ms)

========================================================================
Received Prepare
Registering precompiled user dll's ...
Registered in 0.003053 seconds.
Begin MonoManager ReloadAssembly
Native extension for WindowsStandalone target not found
Refreshing native plugins compatible for Editor in 0.38 ms, found 0 plugins.
Preloading 0 native plugins for Editor in 0.00 ms.
Invoked RoslynAnalysisRunner static constructor.
RoslynAnalysisRunner will not be running.
RoslynAnalysisRunner has terminated.
Mono: successfully reloaded assembly
- Completed reload, in  1.540 seconds
Platform modules already initialized, skipping
Refreshing native plugins compatible for Editor in 0.40 ms, found 0 plugins.
Preloading 0 native plugins for Editor in 0.00 ms.
Unloading 1284 Unused Serialized files (Serialized files now loaded: 0)
System memory in use before: 66.8 MB.
System memory in use after: 66.8 MB.

Unloading 8 unused Assets to reduce memory usage. Loaded Objects now: 1810.
Total: 2.755600 ms (FindLiveObjects: 0.198700 ms CreateObjectMapping: 0.079700 ms MarkObjects: 2.375000 ms  DeleteObjects: 0.099900 ms)

========================================================================
Received Prepare
Registering precompiled user dll's ...
Registered in 0.004022 seconds.
Begin MonoManager ReloadAssembly
Native extension for WindowsStandalone target not found
Refreshing native plugins compatible for Editor in 0.37 ms, found 0 plugins.
Preloading 0 native plugins for Editor in 0.00 ms.
Invoked RoslynAnalysisRunner static constructor.
RoslynAnalysisRunner will not be running.
RoslynAnalysisRunner has terminated.
Mono: successfully reloaded assembly
- Completed reload, in  1.971 seconds
Platform modules already initialized, skipping
Refreshing native plugins compatible for Editor in 0.47 ms, found 0 plugins.
Preloading 0 native plugins for Editor in 0.00 ms.
Unloading 1284 Unused Serialized files (Serialized files now loaded: 0)
System memory in use before: 66.8 MB.
System memory in use after: 66.9 MB.

Unloading 8 unused Assets to reduce memory usage. Loaded Objects now: 1813.
Total: 3.405300 ms (FindLiveObjects: 0.301200 ms CreateObjectMapping: 0.080900 ms MarkObjects: 2.906400 ms  DeleteObjects: 0.111300 ms)

========================================================================
Received Prepare
Registering precompiled user dll's ...
Registered in 0.002825 seconds.
Begin MonoManager ReloadAssembly
Native extension for WindowsStandalone target not found
Refreshing native plugins compatible for Editor in 0.38 ms, found 0 plugins.
Preloading 0 native plugins for Editor in 0.00 ms.
Invoked RoslynAnalysisRunner static constructor.
RoslynAnalysisRunner will not be running.
RoslynAnalysisRunner has terminated.
Mono: successfully reloaded assembly
- Completed reload, in  1.713 seconds
Platform modules already initialized, skipping
Refreshing native plugins compatible for Editor in 0.39 ms, found 0 plugins.
Preloading 0 native plugins for Editor in 0.00 ms.
Unloading 1284 Unused Serialized files (Serialized files now loaded: 0)
System memory in use before: 66.8 MB.
System memory in use after: 66.9 MB.

Unloading 8 unused Assets to reduce memory usage. Loaded Objects now: 1816.
Total: 2.583800 ms (FindLiveObjects: 0.204900 ms CreateObjectMapping: 0.076500 ms MarkObjects: 2.210300 ms  DeleteObjects: 0.089700 ms)

========================================================================
Received Prepare
Registering precompiled user dll's ...
Registered in 0.002899 seconds.
Begin MonoManager ReloadAssembly
Native extension for WindowsStandalone target not found
Refreshing native plugins compatible for Editor in 0.38 ms, found 0 plugins.
Preloading 0 native plugins for Editor in 0.00 ms.
Invoked RoslynAnalysisRunner static constructor.
RoslynAnalysisRunner will not be running.
RoslynAnalysisRunner has terminated.
Mono: successfully reloaded assembly
- Completed reload, in  1.802 seconds
Platform modules already initialized, skipping
Refreshing native plugins compatible for Editor in 0.39 ms, found 0 plugins.
Preloading 0 native plugins for Editor in 0.00 ms.
Unloading 1284 Unused Serialized files (Serialized files now loaded: 0)
System memory in use before: 66.8 MB.
System memory in use after: 66.9 MB.

Unloading 8 unused Assets to reduce memory usage. Loaded Objects now: 1819.
Total: 2.908700 ms (FindLiveObjects: 0.344200 ms CreateObjectMapping: 0.104200 ms MarkObjects: 2.364200 ms  DeleteObjects: 0.093600 ms)

========================================================================
Received Prepare
Registering precompiled user dll's ...
Registered in 0.006669 seconds.
Begin MonoManager ReloadAssembly
Native extension for WindowsStandalone target not found
Refreshing native plugins compatible for Editor in 0.39 ms, found 0 plugins.
Preloading 0 native plugins for Editor in 0.00 ms.
Invoked RoslynAnalysisRunner static constructor.
RoslynAnalysisRunner will not be running.
RoslynAnalysisRunner has terminated.
Mono: successfully reloaded assembly
- Completed reload, in  1.763 seconds
Platform modules already initialized, skipping
Refreshing native plugins compatible for Editor in 0.38 ms, found 0 plugins.
Preloading 0 native plugins for Editor in 0.00 ms.
Unloading 1284 Unused Serialized files (Serialized files now loaded: 0)
System memory in use before: 66.8 MB.
System memory in use after: 66.9 MB.

Unloading 8 unused Assets to reduce memory usage. Loaded Objects now: 1822.
Total: 2.812000 ms (FindLiveObjects: 0.194200 ms CreateObjectMapping: 0.071400 ms MarkObjects: 2.453400 ms  DeleteObjects: 0.090300 ms)

========================================================================
Received Prepare
Registering precompiled user dll's ...
Registered in 0.003025 seconds.
Begin MonoManager ReloadAssembly
Native extension for WindowsStandalone target not found
Refreshing native plugins compatible for Editor in 0.40 ms, found 0 plugins.
Preloading 0 native plugins for Editor in 0.00 ms.
Invoked RoslynAnalysisRunner static constructor.
RoslynAnalysisRunner will not be running.
RoslynAnalysisRunner has terminated.
Mono: successfully reloaded assembly
- Completed reload, in  1.537 seconds
Platform modules already initialized, skipping
Refreshing native plugins compatible for Editor in 0.39 ms, found 0 plugins.
Preloading 0 native plugins for Editor in 0.00 ms.
Unloading 1284 Unused Serialized files (Serialized files now loaded: 0)
System memory in use before: 66.8 MB.
System memory in use after: 66.9 MB.

Unloading 8 unused Assets to reduce memory usage. Loaded Objects now: 1825.
Total: 3.120400 ms (FindLiveObjects: 0.345200 ms CreateObjectMapping: 0.114500 ms MarkObjects: 2.558600 ms  DeleteObjects: 0.099800 ms)

========================================================================
Received Prepare
Registering precompiled user dll's ...
Registered in 0.002791 seconds.
Begin MonoManager ReloadAssembly
Native extension for WindowsStandalone target not found
Refreshing native plugins compatible for Editor in 0.45 ms, found 0 plugins.
Preloading 0 native plugins for Editor in 0.00 ms.
Invoked RoslynAnalysisRunner static constructor.
RoslynAnalysisRunner will not be running.
RoslynAnalysisRunner has terminated.
Mono: successfully reloaded assembly
- Completed reload, in  1.735 seconds
Platform modules already initialized, skipping
Refreshing native plugins compatible for Editor in 0.39 ms, found 0 plugins.
Preloading 0 native plugins for Editor in 0.00 ms.
Unloading 1284 Unused Serialized files (Serialized files now loaded: 0)
System memory in use before: 66.8 MB.
System memory in use after: 66.9 MB.

Unloading 8 unused Assets to reduce memory usage. Loaded Objects now: 1828.
Total: 3.708800 ms (FindLiveObjects: 0.472100 ms CreateObjectMapping: 0.179700 ms MarkObjects: 2.953500 ms  DeleteObjects: 0.100900 ms)

========================================================================
Received Prepare
Registering precompiled user dll's ...
Registered in 0.005028 seconds.
Begin MonoManager ReloadAssembly
Native extension for WindowsStandalone target not found
Refreshing native plugins compatible for Editor in 6.18 ms, found 0 plugins.
Preloading 0 native plugins for Editor in 0.00 ms.
Invoked RoslynAnalysisRunner static constructor.
RoslynAnalysisRunner will not be running.
RoslynAnalysisRunner has terminated.
Mono: successfully reloaded assembly
- Completed reload, in  2.167 seconds
Platform modules already initialized, skipping
Refreshing native plugins compatible for Editor in 0.41 ms, found 0 plugins.
Preloading 0 native plugins for Editor in 0.00 ms.
Unloading 1284 Unused Serialized files (Serialized files now loaded: 0)
System memory in use before: 66.8 MB.
System memory in use after: 66.9 MB.

Unloading 8 unused Assets to reduce memory usage. Loaded Objects now: 1831.
Total: 4.364600 ms (FindLiveObjects: 0.304600 ms CreateObjectMapping: 0.099000 ms MarkObjects: 3.859200 ms  DeleteObjects: 0.099000 ms)

========================================================================
Received Prepare
Registering precompiled user dll's ...
Registered in 0.002997 seconds.
Begin MonoManager ReloadAssembly
Native extension for WindowsStandalone target not found
Refreshing native plugins compatible for Editor in 0.38 ms, found 0 plugins.
Preloading 0 native plugins for Editor in 0.00 ms.
Invoked RoslynAnalysisRunner static constructor.
RoslynAnalysisRunner will not be running.
RoslynAnalysisRunner has terminated.
Mono: successfully reloaded assembly
- Completed reload, in  1.740 seconds
Platform modules already initialized, skipping
Refreshing native plugins compatible for Editor in 0.39 ms, found 0 plugins.
Preloading 0 native plugins for Editor in 0.00 ms.
Unloading 1284 Unused Serialized files (Serialized files now loaded: 0)
System memory in use before: 66.8 MB.
System memory in use after: 66.9 MB.

Unloading 8 unused Assets to reduce memory usage. Loaded Objects now: 1834.
Total: 2.933100 ms (FindLiveObjects: 0.278300 ms CreateObjectMapping: 0.079700 ms MarkObjects: 2.477800 ms  DeleteObjects: 0.094400 ms)

========================================================================
Received Prepare
Registering precompiled user dll's ...
Registered in 0.005367 seconds.
Begin MonoManager ReloadAssembly
Native extension for WindowsStandalone target not found
Refreshing native plugins compatible for Editor in 0.55 ms, found 0 plugins.
Preloading 0 native plugins for Editor in 0.00 ms.
Invoked RoslynAnalysisRunner static constructor.
RoslynAnalysisRunner will not be running.
RoslynAnalysisRunner has terminated.
Mono: successfully reloaded assembly
- Completed reload, in  2.111 seconds
Platform modules already initialized, skipping
Refreshing native plugins compatible for Editor in 0.60 ms, found 0 plugins.
Preloading 0 native plugins for Editor in 0.00 ms.
Unloading 1284 Unused Serialized files (Serialized files now loaded: 0)
System memory in use before: 66.8 MB.
System memory in use after: 66.9 MB.

Unloading 8 unused Assets to reduce memory usage. Loaded Objects now: 1837.
Total: 4.847200 ms (FindLiveObjects: 1.099100 ms CreateObjectMapping: 0.129600 ms MarkObjects: 3.493000 ms  DeleteObjects: 0.121800 ms)

========================================================================
Received Prepare
Registering precompiled user dll's ...
Registered in 0.002783 seconds.
Begin MonoManager ReloadAssembly
Native extension for WindowsStandalone target not found
Refreshing native plugins compatible for Editor in 0.43 ms, found 0 plugins.
Preloading 0 native plugins for Editor in 0.00 ms.
Invoked RoslynAnalysisRunner static constructor.
RoslynAnalysisRunner will not be running.
RoslynAnalysisRunner has terminated.
Mono: successfully reloaded assembly
- Completed reload, in  1.638 seconds
Platform modules already initialized, skipping
Refreshing native plugins compatible for Editor in 0.39 ms, found 0 plugins.
Preloading 0 native plugins for Editor in 0.00 ms.
Unloading 1284 Unused Serialized files (Serialized files now loaded: 0)
System memory in use before: 66.8 MB.
System memory in use after: 66.9 MB.

Unloading 8 unused Assets to reduce memory usage. Loaded Objects now: 1840.
Total: 3.131000 ms (FindLiveObjects: 0.312800 ms CreateObjectMapping: 0.171900 ms MarkObjects: 2.549600 ms  DeleteObjects: 0.094200 ms)

========================================================================
Received Prepare
Registering precompiled user dll's ...
Registered in 0.002809 seconds.
Begin MonoManager ReloadAssembly
Native extension for WindowsStandalone target not found
Refreshing native plugins compatible for Editor in 0.36 ms, found 0 plugins.
Preloading 0 native plugins for Editor in 0.00 ms.
Invoked RoslynAnalysisRunner static constructor.
RoslynAnalysisRunner will not be running.
RoslynAnalysisRunner has terminated.
Mono: successfully reloaded assembly
- Completed reload, in  1.723 seconds
Platform modules already initialized, skipping
Refreshing native plugins compatible for Editor in 0.39 ms, found 0 plugins.
Preloading 0 native plugins for Editor in 0.00 ms.
Unloading 1284 Unused Serialized files (Serialized files now loaded: 0)
System memory in use before: 66.8 MB.
System memory in use after: 66.9 MB.

Unloading 8 unused Assets to reduce memory usage. Loaded Objects now: 1843.
Total: 2.978400 ms (FindLiveObjects: 0.371100 ms CreateObjectMapping: 0.129800 ms MarkObjects: 2.374500 ms  DeleteObjects: 0.100000 ms)

========================================================================
Received Prepare
Registering precompiled user dll's ...
Registered in 0.004118 seconds.
Begin MonoManager ReloadAssembly
Native extension for WindowsStandalone target not found
Refreshing native plugins compatible for Editor in 0.40 ms, found 0 plugins.
Preloading 0 native plugins for Editor in 0.00 ms.
Invoked RoslynAnalysisRunner static constructor.
RoslynAnalysisRunner will not be running.
RoslynAnalysisRunner has terminated.
Mono: successfully reloaded assembly
- Completed reload, in  2.718 seconds
Platform modules already initialized, skipping
Refreshing native plugins compatible for Editor in 0.38 ms, found 0 plugins.
Preloading 0 native plugins for Editor in 0.00 ms.
Unloading 1284 Unused Serialized files (Serialized files now loaded: 0)
System memory in use before: 66.8 MB.
System memory in use after: 66.9 MB.

Unloading 8 unused Assets to reduce memory usage. Loaded Objects now: 1846.
Total: 4.027800 ms (FindLiveObjects: 0.309900 ms CreateObjectMapping: 0.147100 ms MarkObjects: 3.473100 ms  DeleteObjects: 0.094700 ms)

========================================================================
Received Prepare
Registering precompiled user dll's ...
Registered in 0.002816 seconds.
Begin MonoManager ReloadAssembly
Native extension for WindowsStandalone target not found
Refreshing native plugins compatible for Editor in 0.37 ms, found 0 plugins.
Preloading 0 native plugins for Editor in 0.00 ms.
Invoked RoslynAnalysisRunner static constructor.
RoslynAnalysisRunner will not be running.
RoslynAnalysisRunner has terminated.
Mono: successfully reloaded assembly
- Completed reload, in  1.447 seconds
Platform modules already initialized, skipping
Refreshing native plugins compatible for Editor in 0.39 ms, found 0 plugins.
Preloading 0 native plugins for Editor in 0.00 ms.
Unloading 1284 Unused Serialized files (Serialized files now loaded: 0)
System memory in use before: 66.8 MB.
System memory in use after: 66.9 MB.

Unloading 8 unused Assets to reduce memory usage. Loaded Objects now: 1849.
Total: 3.048900 ms (FindLiveObjects: 0.287900 ms CreateObjectMapping: 0.091900 ms MarkObjects: 2.567100 ms  DeleteObjects: 0.098800 ms)

========================================================================
Received Prepare
Registering precompiled user dll's ...
Registered in 0.003565 seconds.
Begin MonoManager ReloadAssembly
Native extension for WindowsStandalone target not found
Refreshing native plugins compatible for Editor in 0.50 ms, found 0 plugins.
Preloading 0 native plugins for Editor in 0.00 ms.
Invoked RoslynAnalysisRunner static constructor.
RoslynAnalysisRunner will not be running.
RoslynAnalysisRunner has terminated.
Mono: successfully reloaded assembly
- Completed reload, in  1.716 seconds
Platform modules already initialized, skipping
Refreshing native plugins compatible for Editor in 0.37 ms, found 0 plugins.
Preloading 0 native plugins for Editor in 0.00 ms.
Unloading 1284 Unused Serialized files (Serialized files now loaded: 0)
System memory in use before: 66.8 MB.
System memory in use after: 66.9 MB.

Unloading 8 unused Assets to reduce memory usage. Loaded Objects now: 1852.
Total: 2.766200 ms (FindLiveObjects: 0.222900 ms CreateObjectMapping: 0.078100 ms MarkObjects: 2.369600 ms  DeleteObjects: 0.093000 ms)

========================================================================
Received Prepare
Registering precompiled user dll's ...
Registered in 0.003767 seconds.
Begin MonoManager ReloadAssembly
Native extension for WindowsStandalone target not found
Refreshing native plugins compatible for Editor in 0.56 ms, found 0 plugins.
Preloading 0 native plugins for Editor in 0.00 ms.
Invoked RoslynAnalysisRunner static constructor.
RoslynAnalysisRunner will not be running.
RoslynAnalysisRunner has terminated.
Mono: successfully reloaded assembly
- Completed reload, in  1.747 seconds
Platform modules already initialized, skipping
Refreshing native plugins compatible for Editor in 0.38 ms, found 0 plugins.
Preloading 0 native plugins for Editor in 0.00 ms.
Unloading 1284 Unused Serialized files (Serialized files now loaded: 0)
System memory in use before: 66.9 MB.
System memory in use after: 66.9 MB.

Unloading 8 unused Assets to reduce memory usage. Loaded Objects now: 1855.
Total: 3.132200 ms (FindLiveObjects: 0.500000 ms CreateObjectMapping: 0.167700 ms MarkObjects: 2.365400 ms  DeleteObjects: 0.096300 ms)

========================================================================
Received Prepare
Registering precompiled user dll's ...
Registered in 0.002844 seconds.
Begin MonoManager ReloadAssembly
Native extension for WindowsStandalone target not found
Refreshing native plugins compatible for Editor in 0.36 ms, found 0 plugins.
Preloading 0 native plugins for Editor in 0.00 ms.
Invoked RoslynAnalysisRunner static constructor.
RoslynAnalysisRunner will not be running.
RoslynAnalysisRunner has terminated.
Mono: successfully reloaded assembly
- Completed reload, in  1.700 seconds
Platform modules already initialized, skipping
Refreshing native plugins compatible for Editor in 0.38 ms, found 0 plugins.
Preloading 0 native plugins for Editor in 0.00 ms.
Unloading 1284 Unused Serialized files (Serialized files now loaded: 0)
System memory in use before: 66.9 MB.
System memory in use after: 66.9 MB.

Unloading 8 unused Assets to reduce memory usage. Loaded Objects now: 1858.
Total: 4.017100 ms (FindLiveObjects: 0.336300 ms CreateObjectMapping: 0.106500 ms MarkObjects: 3.456700 ms  DeleteObjects: 0.114700 ms)

========================================================================
Received Prepare
Registering precompiled user dll's ...
Registered in 0.004586 seconds.
Begin MonoManager ReloadAssembly
Native extension for WindowsStandalone target not found
Refreshing native plugins compatible for Editor in 0.39 ms, found 0 plugins.
Preloading 0 native plugins for Editor in 0.00 ms.
Invoked RoslynAnalysisRunner static constructor.
RoslynAnalysisRunner will not be running.
RoslynAnalysisRunner has terminated.
Mono: successfully reloaded assembly
- Completed reload, in  1.795 seconds
Platform modules already initialized, skipping
Refreshing native plugins compatible for Editor in 0.39 ms, found 0 plugins.
Preloading 0 native plugins for Editor in 0.00 ms.
Unloading 1284 Unused Serialized files (Serialized files now loaded: 0)
System memory in use before: 66.9 MB.
System memory in use after: 66.9 MB.

Unloading 8 unused Assets to reduce memory usage. Loaded Objects now: 1861.
Total: 2.802400 ms (FindLiveObjects: 0.221200 ms CreateObjectMapping: 0.091200 ms MarkObjects: 2.389900 ms  DeleteObjects: 0.097900 ms)

========================================================================
Received Prepare
Registering precompiled user dll's ...
Registered in 0.002889 seconds.
Begin MonoManager ReloadAssembly
Native extension for WindowsStandalone target not found
Refreshing native plugins compatible for Editor in 0.48 ms, found 0 plugins.
Preloading 0 native plugins for Editor in 0.00 ms.
Invoked RoslynAnalysisRunner static constructor.
RoslynAnalysisRunner will not be running.
RoslynAnalysisRunner has terminated.
Mono: successfully reloaded assembly
- Completed reload, in  1.771 seconds
Platform modules already initialized, skipping
Refreshing native plugins compatible for Editor in 0.41 ms, found 0 plugins.
Preloading 0 native plugins for Editor in 0.00 ms.
Unloading 1284 Unused Serialized files (Serialized files now loaded: 0)
System memory in use before: 66.9 MB.
System memory in use after: 66.9 MB.

Unloading 8 unused Assets to reduce memory usage. Loaded Objects now: 1864.
Total: 2.973200 ms (FindLiveObjects: 0.360800 ms CreateObjectMapping: 0.105900 ms MarkObjects: 2.389800 ms  DeleteObjects: 0.113400 ms)

========================================================================
Received Prepare
Registering precompiled user dll's ...
Registered in 0.003019 seconds.
Begin MonoManager ReloadAssembly
Native extension for WindowsStandalone target not found
Refreshing native plugins compatible for Editor in 0.39 ms, found 0 plugins.
Preloading 0 native plugins for Editor in 0.00 ms.
Invoked RoslynAnalysisRunner static constructor.
RoslynAnalysisRunner will not be running.
RoslynAnalysisRunner has terminated.
Mono: successfully reloaded assembly
- Completed reload, in  1.601 seconds
Platform modules already initialized, skipping
Refreshing native plugins compatible for Editor in 0.40 ms, found 0 plugins.
Preloading 0 native plugins for Editor in 0.00 ms.
Unloading 1284 Unused Serialized files (Serialized files now loaded: 0)
System memory in use before: 66.9 MB.
System memory in use after: 67.0 MB.

Unloading 8 unused Assets to reduce memory usage. Loaded Objects now: 1867.
Total: 4.008100 ms (FindLiveObjects: 0.812500 ms CreateObjectMapping: 0.114300 ms MarkObjects: 2.970600 ms  DeleteObjects: 0.095800 ms)

========================================================================
Received Prepare
Registering precompiled user dll's ...
Registered in 0.002837 seconds.
Begin MonoManager ReloadAssembly
Native extension for WindowsStandalone target not found
Refreshing native plugins compatible for Editor in 0.40 ms, found 0 plugins.
Preloading 0 native plugins for Editor in 0.00 ms.
Invoked RoslynAnalysisRunner static constructor.
RoslynAnalysisRunner will not be running.
RoslynAnalysisRunner has terminated.
Mono: successfully reloaded assembly
- Completed reload, in  1.748 seconds
Platform modules already initialized, skipping
Refreshing native plugins compatible for Editor in 0.40 ms, found 0 plugins.
Preloading 0 native plugins for Editor in 0.00 ms.
Unloading 1284 Unused Serialized files (Serialized files now loaded: 0)
System memory in use before: 66.9 MB.
System memory in use after: 67.0 MB.

Unloading 8 unused Assets to reduce memory usage. Loaded Objects now: 1870.
Total: 2.958400 ms (FindLiveObjects: 0.315600 ms CreateObjectMapping: 0.087300 ms MarkObjects: 2.461600 ms  DeleteObjects: 0.091400 ms)

========================================================================
Received Prepare
Registering precompiled user dll's ...
Registered in 0.004088 seconds.
Begin MonoManager ReloadAssembly
Native extension for WindowsStandalone target not found
Refreshing native plugins compatible for Editor in 0.54 ms, found 0 plugins.
Preloading 0 native plugins for Editor in 0.00 ms.
Invoked RoslynAnalysisRunner static constructor.
RoslynAnalysisRunner will not be running.
RoslynAnalysisRunner has terminated.
Mono: successfully reloaded assembly
- Completed reload, in  1.888 seconds
Platform modules already initialized, skipping
Refreshing native plugins compatible for Editor in 0.49 ms, found 0 plugins.
Preloading 0 native plugins for Editor in 0.00 ms.
Unloading 1284 Unused Serialized files (Serialized files now loaded: 0)
System memory in use before: 66.9 MB.
System memory in use after: 67.0 MB.

Unloading 8 unused Assets to reduce memory usage. Loaded Objects now: 1873.
Total: 3.221400 ms (FindLiveObjects: 0.217600 ms CreateObjectMapping: 0.084100 ms MarkObjects: 2.824400 ms  DeleteObjects: 0.092400 ms)

========================================================================
Received Prepare
Registering precompiled user dll's ...
Registered in 0.002784 seconds.
Begin MonoManager ReloadAssembly
Native extension for WindowsStandalone target not found
Refreshing native plugins compatible for Editor in 0.38 ms, found 0 plugins.
Preloading 0 native plugins for Editor in 0.00 ms.
Invoked RoslynAnalysisRunner static constructor.
RoslynAnalysisRunner will not be running.
RoslynAnalysisRunner has terminated.
Mono: successfully reloaded assembly
- Completed reload, in  1.764 seconds
Platform modules already initialized, skipping
Refreshing native plugins compatible for Editor in 0.58 ms, found 0 plugins.
Preloading 0 native plugins for Editor in 0.00 ms.
Unloading 1284 Unused Serialized files (Serialized files now loaded: 0)
System memory in use before: 66.9 MB.
System memory in use after: 67.0 MB.

Unloading 8 unused Assets to reduce memory usage. Loaded Objects now: 1876.
Total: 3.844900 ms (FindLiveObjects: 0.205700 ms CreateObjectMapping: 0.074000 ms MarkObjects: 3.437600 ms  DeleteObjects: 0.124800 ms)

========================================================================
Received Prepare
Registering precompiled user dll's ...
Registered in 0.003691 seconds.
Begin MonoManager ReloadAssembly
Native extension for WindowsStandalone target not found
Refreshing native plugins compatible for Editor in 0.38 ms, found 0 plugins.
Preloading 0 native plugins for Editor in 0.00 ms.
Invoked RoslynAnalysisRunner static constructor.
RoslynAnalysisRunner will not be running.
RoslynAnalysisRunner has terminated.
Mono: successfully reloaded assembly
- Completed reload, in  1.723 seconds
Platform modules already initialized, skipping
Refreshing native plugins compatible for Editor in 0.40 ms, found 0 plugins.
Preloading 0 native plugins for Editor in 0.00 ms.
Unloading 1284 Unused Serialized files (Serialized files now loaded: 0)
System memory in use before: 66.9 MB.
System memory in use after: 67.0 MB.

Unloading 8 unused Assets to reduce memory usage. Loaded Objects now: 1879.
Total: 3.272100 ms (FindLiveObjects: 0.254000 ms CreateObjectMapping: 0.075300 ms MarkObjects: 2.851800 ms  DeleteObjects: 0.088300 ms)

========================================================================
Received Prepare
Registering precompiled user dll's ...
Registered in 0.002867 seconds.
Begin MonoManager ReloadAssembly
Native extension for WindowsStandalone target not found
Refreshing native plugins compatible for Editor in 0.41 ms, found 0 plugins.
Preloading 0 native plugins for Editor in 0.00 ms.
Invoked RoslynAnalysisRunner static constructor.
RoslynAnalysisRunner will not be running.
RoslynAnalysisRunner has terminated.
Mono: successfully reloaded assembly
- Completed reload, in  1.604 seconds
Platform modules already initialized, skipping
Refreshing native plugins compatible for Editor in 0.42 ms, found 0 plugins.
Preloading 0 native plugins for Editor in 0.00 ms.
Unloading 1284 Unused Serialized files (Serialized files now loaded: 0)
System memory in use before: 66.9 MB.
System memory in use after: 67.0 MB.

Unloading 8 unused Assets to reduce memory usage. Loaded Objects now: 1882.
Total: 4.095300 ms (FindLiveObjects: 0.350700 ms CreateObjectMapping: 0.112800 ms MarkObjects: 3.512200 ms  DeleteObjects: 0.116800 ms)

========================================================================
Received Prepare
Registering precompiled user dll's ...
Registered in 0.003069 seconds.
Begin MonoManager ReloadAssembly
Native extension for WindowsStandalone target not found
Refreshing native plugins compatible for Editor in 0.38 ms, found 0 plugins.
Preloading 0 native plugins for Editor in 0.00 ms.
Invoked RoslynAnalysisRunner static constructor.
RoslynAnalysisRunner will not be running.
RoslynAnalysisRunner has terminated.
Mono: successfully reloaded assembly
- Completed reload, in  1.698 seconds
Platform modules already initialized, skipping
Refreshing native plugins compatible for Editor in 0.40 ms, found 0 plugins.
Preloading 0 native plugins for Editor in 0.00 ms.
Unloading 1284 Unused Serialized files (Serialized files now loaded: 0)
System memory in use before: 66.9 MB.
System memory in use after: 67.0 MB.

Unloading 8 unused Assets to reduce memory usage. Loaded Objects now: 1885.
Total: 3.007900 ms (FindLiveObjects: 0.339200 ms CreateObjectMapping: 0.080100 ms MarkObjects: 2.489300 ms  DeleteObjects: 0.097000 ms)

========================================================================
Received Prepare
Registering precompiled user dll's ...
Registered in 0.004751 seconds.
Begin MonoManager ReloadAssembly
Native extension for WindowsStandalone target not found
Refreshing native plugins compatible for Editor in 0.61 ms, found 0 plugins.
Preloading 0 native plugins for Editor in 0.00 ms.
Invoked RoslynAnalysisRunner static constructor.
RoslynAnalysisRunner will not be running.
RoslynAnalysisRunner has terminated.
Mono: successfully reloaded assembly
- Completed reload, in  1.746 seconds
Platform modules already initialized, skipping
Refreshing native plugins compatible for Editor in 0.38 ms, found 0 plugins.
Preloading 0 native plugins for Editor in 0.00 ms.
Unloading 1284 Unused Serialized files (Serialized files now loaded: 0)
System memory in use before: 66.9 MB.
System memory in use after: 67.0 MB.

Unloading 8 unused Assets to reduce memory usage. Loaded Objects now: 1888.
Total: 3.011600 ms (FindLiveObjects: 0.389400 ms CreateObjectMapping: 0.085000 ms MarkObjects: 2.434800 ms  DeleteObjects: 0.099700 ms)

========================================================================
Received Prepare
Registering precompiled user dll's ...
Registered in 0.003687 seconds.
Begin MonoManager ReloadAssembly
Native extension for WindowsStandalone target not found
Refreshing native plugins compatible for Editor in 0.37 ms, found 0 plugins.
Preloading 0 native plugins for Editor in 0.00 ms.
Invoked RoslynAnalysisRunner static constructor.
RoslynAnalysisRunner will not be running.
RoslynAnalysisRunner has terminated.
Mono: successfully reloaded assembly
- Completed reload, in  1.511 seconds
Platform modules already initialized, skipping
Refreshing native plugins compatible for Editor in 0.37 ms, found 0 plugins.
Preloading 0 native plugins for Editor in 0.00 ms.
Unloading 1284 Unused Serialized files (Serialized files now loaded: 0)
System memory in use before: 66.9 MB.
System memory in use after: 67.0 MB.

Unloading 8 unused Assets to reduce memory usage. Loaded Objects now: 1891.
Total: 4.481200 ms (FindLiveObjects: 1.997200 ms CreateObjectMapping: 0.130700 ms MarkObjects: 2.249300 ms  DeleteObjects: 0.101100 ms)

========================================================================
Received Import Request.
  Time since last request: 3980.801465 seconds.
  path: Assets/Scenes/Scene3 2.unity
  artifactKey: Guid(229514e07467410469efa43b74620936) Importer(815301076,1909f56bfc062723c751e8b465ee728b)
Start importing Assets/Scenes/Scene3 2.unity using Guid(229514e07467410469efa43b74620936) Importer(815301076,1909f56bfc062723c751e8b465ee728b)  -> (artifact id: '2079f8a1b110c5053714c8031117434a') in 0.036377 seconds
  Import took 0.045486 seconds .

========================================================================
Received Prepare
Registering precompiled user dll's ...
Registered in 0.003476 seconds.
Begin MonoManager ReloadAssembly
Native extension for WindowsStandalone target not found
Refreshing native plugins compatible for Editor in 0.40 ms, found 0 plugins.
Preloading 0 native plugins for Editor in 0.00 ms.
Invoked RoslynAnalysisRunner static constructor.
RoslynAnalysisRunner will not be running.
RoslynAnalysisRunner has terminated.
Mono: successfully reloaded assembly
- Completed reload, in  1.536 seconds
Platform modules already initialized, skipping
Refreshing native plugins compatible for Editor in 0.39 ms, found 0 plugins.
Preloading 0 native plugins for Editor in 0.00 ms.
Unloading 1284 Unused Serialized files (Serialized files now loaded: 0)
System memory in use before: 66.9 MB.
System memory in use after: 67.0 MB.

Unloading 8 unused Assets to reduce memory usage. Loaded Objects now: 1894.
Total: 2.930300 ms (FindLiveObjects: 0.236900 ms CreateObjectMapping: 0.067900 ms MarkObjects: 2.530200 ms  DeleteObjects: 0.093000 ms)

========================================================================
Received Import Request.
  Time since last request: 11.523002 seconds.
  path: Assets/Scenes/Scene3test.unity
  artifactKey: Guid(5bfa2448401414e45a2e42eb960fa8ce) Importer(815301076,1909f56bfc062723c751e8b465ee728b)
Start importing Assets/Scenes/Scene3test.unity using Guid(5bfa2448401414e45a2e42eb960fa8ce) Importer(815301076,1909f56bfc062723c751e8b465ee728b)  -> (artifact id: '1b72493881f21dd1989f2f360c18291f') in 0.046434 seconds
  Import took 0.054050 seconds .

========================================================================
Received Import Request.
  Time since last request: 1.812353 seconds.
  path: Assets/Scenes/Scene3 1.unity
  artifactKey: Guid(df367e6cbad69dc45962b7cf49f7393d) Importer(815301076,1909f56bfc062723c751e8b465ee728b)
Start importing Assets/Scenes/Scene3 1.unity using Guid(df367e6cbad69dc45962b7cf49f7393d) Importer(815301076,1909f56bfc062723c751e8b465ee728b)  -> (artifact id: '4d0df3874bafb2df880ce19f17386983') in 0.019703 seconds
  Import took 0.023217 seconds .

========================================================================
Received Import Request.
  Time since last request: 8.477203 seconds.
  path: Assets/Scenes/Scene3.unity
  artifactKey: Guid(df367e6cbad69dc45962b7cf49f7393d) Importer(815301076,1909f56bfc062723c751e8b465ee728b)
Start importing Assets/Scenes/Scene3.unity using Guid(df367e6cbad69dc45962b7cf49f7393d) Importer(815301076,1909f56bfc062723c751e8b465ee728b)  -> (artifact id: 'b4d2a505b0216b5f8c8f25b7f1982824') in 0.045093 seconds
  Import took 0.050908 seconds .

========================================================================
Received Prepare
Registering precompiled user dll's ...
Registered in 0.002940 seconds.
Begin MonoManager ReloadAssembly
Native extension for WindowsStandalone target not found
Refreshing native plugins compatible for Editor in 0.38 ms, found 0 plugins.
Preloading 0 native plugins for Editor in 0.00 ms.
Invoked RoslynAnalysisRunner static constructor.
RoslynAnalysisRunner will not be running.
RoslynAnalysisRunner has terminated.
Mono: successfully reloaded assembly
- Completed reload, in  1.539 seconds
Platform modules already initialized, skipping
Refreshing native plugins compatible for Editor in 0.40 ms, found 0 plugins.
Preloading 0 native plugins for Editor in 0.00 ms.
Unloading 1284 Unused Serialized files (Serialized files now loaded: 0)
System memory in use before: 67.0 MB.
System memory in use after: 67.0 MB.

Unloading 8 unused Assets to reduce memory usage. Loaded Objects now: 1897.
Total: 3.050300 ms (FindLiveObjects: 0.361300 ms CreateObjectMapping: 0.101700 ms MarkObjects: 2.479000 ms  DeleteObjects: 0.105600 ms)

========================================================================
Received Import Request.
  Time since last request: 39.929071 seconds.
  path: Assets/Scenes/Scene1.unity
  artifactKey: Guid(be9e8b8be48373c428c795925251479d) Importer(815301076,1909f56bfc062723c751e8b465ee728b)
Start importing Assets/Scenes/Scene1.unity using Guid(be9e8b8be48373c428c795925251479d) Importer(815301076,1909f56bfc062723c751e8b465ee728b)  -> (artifact id: '00cf9007050933adbef84973a3c3e547') in 0.040820 seconds
  Import took 0.045081 seconds .

========================================================================
Received Import Request.
  Time since last request: 68.853849 seconds.
  path: Assets/Scripts/GameManagerS/SpawnManager.cs
  artifactKey: Guid(c2d6184a845a03d4cbacb85311823552) Importer(815301076,1909f56bfc062723c751e8b465ee728b)
Start importing Assets/Scripts/GameManagerS/SpawnManager.cs using Guid(c2d6184a845a03d4cbacb85311823552) Importer(815301076,1909f56bfc062723c751e8b465ee728b)  -> (artifact id: '24d4b1c71b38af9f55b13198332a3b0e') in 0.019232 seconds
  Import took 0.025980 seconds .

========================================================================
Received Import Request.
  Time since last request: 0.001735 seconds.
  path: Assets/Scripts/GameManagerS/SpawnManager.cs
  artifactKey: Guid(c2d6184a845a03d4cbacb85311823552) Importer(815301076,1909f56bfc062723c751e8b465ee728b)
Start importing Assets/Scripts/GameManagerS/SpawnManager.cs using Guid(c2d6184a845a03d4cbacb85311823552) Importer(815301076,1909f56bfc062723c751e8b465ee728b)  -> (artifact id: '24d4b1c71b38af9f55b13198332a3b0e') in 0.010332 seconds
  Import took 0.014489 seconds .

========================================================================
Received Prepare
Registering precompiled user dll's ...
Registered in 0.002960 seconds.
Begin MonoManager ReloadAssembly
Native extension for WindowsStandalone target not found
Refreshing native plugins compatible for Editor in 0.36 ms, found 0 plugins.
Preloading 0 native plugins for Editor in 0.00 ms.
Invoked RoslynAnalysisRunner static constructor.
RoslynAnalysisRunner will not be running.
RoslynAnalysisRunner has terminated.
Mono: successfully reloaded assembly
- Completed reload, in  1.678 seconds
Platform modules already initialized, skipping
Refreshing native plugins compatible for Editor in 0.40 ms, found 0 plugins.
Preloading 0 native plugins for Editor in 0.00 ms.
Unloading 1284 Unused Serialized files (Serialized files now loaded: 0)
System memory in use before: 67.0 MB.
System memory in use after: 67.1 MB.

Unloading 8 unused Assets to reduce memory usage. Loaded Objects now: 1900.
Total: 2.877800 ms (FindLiveObjects: 0.297000 ms CreateObjectMapping: 0.083600 ms MarkObjects: 2.365100 ms  DeleteObjects: 0.129600 ms)

========================================================================
Received Import Request.
  Time since last request: 55.690657 seconds.
  path: Assets/Scripts/GameManagerS/SpawnManager.cs
  artifactKey: Guid(c2d6184a845a03d4cbacb85311823552) Importer(815301076,1909f56bfc062723c751e8b465ee728b)
Start importing Assets/Scripts/GameManagerS/SpawnManager.cs using Guid(c2d6184a845a03d4cbacb85311823552) Importer(815301076,1909f56bfc062723c751e8b465ee728b)  -> (artifact id: '65f98438bea3aeb244406282d7902413') in 0.015213 seconds
  Import took 0.018517 seconds .

========================================================================
Received Prepare
Registering precompiled user dll's ...
Registered in 0.002852 seconds.
Begin MonoManager ReloadAssembly
Native extension for WindowsStandalone target not found
Refreshing native plugins compatible for Editor in 0.37 ms, found 0 plugins.
Preloading 0 native plugins for Editor in 0.00 ms.
Invoked RoslynAnalysisRunner static constructor.
RoslynAnalysisRunner will not be running.
RoslynAnalysisRunner has terminated.
Mono: successfully reloaded assembly
- Completed reload, in  1.600 seconds
Platform modules already initialized, skipping
Refreshing native plugins compatible for Editor in 0.39 ms, found 0 plugins.
Preloading 0 native plugins for Editor in 0.00 ms.
Unloading 1284 Unused Serialized files (Serialized files now loaded: 0)
System memory in use before: 67.0 MB.
System memory in use after: 67.1 MB.

Unloading 8 unused Assets to reduce memory usage. Loaded Objects now: 1903.
Total: 3.061100 ms (FindLiveObjects: 0.355500 ms CreateObjectMapping: 0.101400 ms MarkObjects: 2.500800 ms  DeleteObjects: 0.100100 ms)

AssetImportWorkerClient::OnTransportError - code=2 error=End of file
